<?xml version="1.0" encoding="UTF-8"?>
<!-- Generated by org.testng.reporters.JUnitXMLReporter -->
<testsuite hostname="DESKTOP-Q9EH2PL" ignored="0" name="testCases1" tests="1" failures="1" timestamp="09 Jul 2021 11:15:36 GMT" time="2.513" errors="0">
  <testcase name="addNewCustmrer" time="2.022" classname="com.inetBanking.testCases1.TC_AddCustomerTest_3_WithChromeDevProtocol">
    <failure type="java.lang.NoSuchMethodError" message="org.apache.commons.io.IOUtils.toString(Ljava/io/InputStream;Ljava/nio/charset/Charset;)Ljava/lang/String;">
      <![CDATA[java.lang.NoSuchMethodError: org.apache.commons.io.IOUtils.toString(Ljava/io/InputStream;Ljava/nio/charset/Charset;)Ljava/lang/String;
	at io.github.bonigarcia.wdm.versions.VersionDetector.getProperties(VersionDetector.java:232)
	at io.github.bonigarcia.wdm.versions.VersionDetector.getBrowserVersionFromTheShell(VersionDetector.java:137)
	at io.github.bonigarcia.wdm.WebDriverManager.getBrowserVersionFromTheShell(WebDriverManager.java:731)
	at io.github.bonigarcia.wdm.WebDriverManager.detectBrowserVersion(WebDriverManager.java:751)
	at io.github.bonigarcia.wdm.WebDriverManager.resolveDriverVersion(WebDriverManager.java:614)
	at io.github.bonigarcia.wdm.WebDriverManager.manage(WebDriverManager.java:565)
	at io.github.bonigarcia.wdm.WebDriverManager.setup(WebDriverManager.java:287)
	at com.inetBanking.testCases1.TC_AddCustomerTest_3_WithChromeDevProtocol.addNewCustmrer(TC_AddCustomerTest_3_WithChromeDevProtocol.java:29)
... Removed 25 stack frames]]>
    </failure>
  </testcase> <!-- addNewCustmrer -->
</testsuite> <!-- testCases1 -->
