<?xml version="1.0" encoding="UTF-8"?>
<!-- Generated by org.testng.reporters.JUnitXMLReporter -->
<testsuite hostname="DESKTOP-Q9EH2PL" ignored="0" name="testCases1" tests="8" failures="4" timestamp="30 May 2021 10:31:39 GMT" time="145.362" errors="0">
  <testcase name="loginTest" time="18.432" classname="com.inetBanking.testCases1.TC_Login_001"/>
  <testcase name="loginDDT" time="17.266" classname="com.inetBanking.testCases1.TC_LoginDDT_002"/>
  <testcase name="loginDDT" time="5.976" classname="com.inetBanking.testCases1.TC_LoginDDT_002">
    <failure type="junit.framework.AssertionFailedError">
      <![CDATA[junit.framework.AssertionFailedError
at junit.framework.Assert.fail(Assert.java:47)
at junit.framework.Assert.assertTrue(Assert.java:20)
at junit.framework.Assert.assertTrue(Assert.java:27)
at com.inetBanking.testCases1.TC_LoginDDT_002.loginDDT(TC_LoginDDT_002.java:35)
... Removed 29 stack frames]]>
    </failure>
  </testcase> <!-- loginDDT -->
  <testcase name="loginDDT" time="6.1" classname="com.inetBanking.testCases1.TC_LoginDDT_002">
    <failure type="junit.framework.AssertionFailedError">
      <![CDATA[junit.framework.AssertionFailedError
at junit.framework.Assert.fail(Assert.java:47)
at junit.framework.Assert.assertTrue(Assert.java:20)
at junit.framework.Assert.assertTrue(Assert.java:27)
at com.inetBanking.testCases1.TC_LoginDDT_002.loginDDT(TC_LoginDDT_002.java:35)
... Removed 29 stack frames]]>
    </failure>
  </testcase> <!-- loginDDT -->
  <testcase name="loginDDT" time="5.584" classname="com.inetBanking.testCases1.TC_LoginDDT_002">
    <failure type="junit.framework.AssertionFailedError">
      <![CDATA[junit.framework.AssertionFailedError
at junit.framework.Assert.fail(Assert.java:47)
at junit.framework.Assert.assertTrue(Assert.java:20)
at junit.framework.Assert.assertTrue(Assert.java:27)
at com.inetBanking.testCases1.TC_LoginDDT_002.loginDDT(TC_LoginDDT_002.java:35)
... Removed 29 stack frames]]>
    </failure>
  </testcase> <!-- loginDDT -->
  <testcase name="loginDDT" time="6.235" classname="com.inetBanking.testCases1.TC_LoginDDT_002">
    <failure type="junit.framework.AssertionFailedError">
      <![CDATA[junit.framework.AssertionFailedError
at junit.framework.Assert.fail(Assert.java:47)
at junit.framework.Assert.assertTrue(Assert.java:20)
at junit.framework.Assert.assertTrue(Assert.java:27)
at com.inetBanking.testCases1.TC_LoginDDT_002.loginDDT(TC_LoginDDT_002.java:35)
... Removed 29 stack frames]]>
    </failure>
  </testcase> <!-- loginDDT -->
  <testcase name="loginDDT" time="13.037" classname="com.inetBanking.testCases1.TC_LoginDDT_002"/>
  <testcase name="addNewCustmrer" time="29.707" classname="com.inetBanking.testCases1.TC_AddCustomerTest_003"/>
</testsuite> <!-- testCases1 -->
