<?xml version="1.0" encoding="UTF-8"?>
<testsuite xmlns:xsi="http://www.w3.org/2001/XMLSchema-instance" xsi:noNamespaceSchemaLocation="https://maven.apache.org/surefire/maven-surefire-plugin/xsd/surefire-test-report-3.0.xsd" version="3.0" name="TestSuite" time="149.978" tests="8" errors="0" skipped="0" failures="4">
  <properties>
[...]
</properties>
  <testcase name="loginTest" classname="com.inetBanking.testCases1.TC_Login_001" time="18.433">
    <system-out><![CDATA[ INFO [main] (TC_Login_001.java:22)- URL is Opened
The Username is : mngr325656
 INFO [main] (TC_Login_001.java:26)- Username is Entered
The Password is : eseqAze
 INFO [main] (TC_Login_001.java:30)- Password is Entered
Screenshot taken
The title of Webpage is Incorrect
Actual Title: Guru99 Bank Home Page
Expected Title: Guru99 Bank Home Page
 INFO [main] (TC_Login_001.java:50)- TC_Login_001 : FAILED
]]></system-out>
    <system-err><![CDATA[May 30, 2021 3:59:31 PM org.openqa.selenium.remote.ProtocolHandshake createSession
INFO: Detected dialect: OSS
]]></system-err>
  </testcase>
  <testcase name="loginDDT[mngr325656, eseqAze](1)" classname="com.inetBanking.testCases1.TC_LoginDDT_002" time="17.266">
    <system-out><![CDATA[VAlue of J: 0
VAlue of J: 1
VAlue of I: 1
VAlue of J: 0
VAlue of J: 1
VAlue of I: 2
VAlue of J: 0
VAlue of J: 1
VAlue of I: 3
VAlue of J: 0
VAlue of J: 1
VAlue of I: 4
VAlue of J: 0
VAlue of J: 1
VAlue of I: 5
VAlue of J: 0
VAlue of J: 1
VAlue of I: 6
The Username is : mngr325656
 INFO [main] (TC_LoginDDT_002.java:23)- user name is provided 
The Password is : eseqAze
 INFO [main] (TC_LoginDDT_002.java:25)- password is provided 
 WARN [main] (TC_LoginDDT_002.java:41)- Login Passed
]]></system-out>
    <system-err><![CDATA[May 30, 2021 4:00:02 PM org.openqa.selenium.remote.ProtocolHandshake createSession
INFO: Detected dialect: OSS
]]></system-err>
  </testcase>
  <testcase name="loginDDT[mngr4455, sdfds](2)" classname="com.inetBanking.testCases1.TC_LoginDDT_002" time="6.015">
    <failure type="junit.framework.AssertionFailedError"><![CDATA[junit.framework.AssertionFailedError
	at com.inetBanking.testCases1.TC_LoginDDT_002.loginDDT(TC_LoginDDT_002.java:35)
]]></failure>
    <system-out><![CDATA[The Username is : mngr4455
 INFO [main] (TC_LoginDDT_002.java:23)- user name is provided 
The Password is : sdfds
 INFO [main] (TC_LoginDDT_002.java:25)- password is provided 
]]></system-out>
  </testcase>
  <testcase name="loginDDT[mngr789, asdfa](3)" classname="com.inetBanking.testCases1.TC_LoginDDT_002" time="6.099">
    <failure type="junit.framework.AssertionFailedError"><![CDATA[junit.framework.AssertionFailedError
	at com.inetBanking.testCases1.TC_LoginDDT_002.loginDDT(TC_LoginDDT_002.java:35)
]]></failure>
    <system-out><![CDATA[The Username is : mngr789
 INFO [main] (TC_LoginDDT_002.java:23)- user name is provided 
The Password is : asdfa
 INFO [main] (TC_LoginDDT_002.java:25)- password is provided 
]]></system-out>
  </testcase>
  <testcase name="loginDDT[mngr164225, jahetAp](4)" classname="com.inetBanking.testCases1.TC_LoginDDT_002" time="5.584">
    <failure type="junit.framework.AssertionFailedError"><![CDATA[junit.framework.AssertionFailedError
	at com.inetBanking.testCases1.TC_LoginDDT_002.loginDDT(TC_LoginDDT_002.java:35)
]]></failure>
    <system-out><![CDATA[The Username is : mngr164225
 INFO [main] (TC_LoginDDT_002.java:23)- user name is provided 
The Password is : jahetAp
 INFO [main] (TC_LoginDDT_002.java:25)- password is provided 
]]></system-out>
  </testcase>
  <testcase name="loginDDT[mngr9685, fhgf](5)" classname="com.inetBanking.testCases1.TC_LoginDDT_002" time="6.235">
    <failure type="junit.framework.AssertionFailedError"><![CDATA[junit.framework.AssertionFailedError
	at com.inetBanking.testCases1.TC_LoginDDT_002.loginDDT(TC_LoginDDT_002.java:35)
]]></failure>
    <system-out><![CDATA[The Username is : mngr9685
 INFO [main] (TC_LoginDDT_002.java:23)- user name is provided 
The Password is : fhgf
 INFO [main] (TC_LoginDDT_002.java:25)- password is provided 
]]></system-out>
  </testcase>
  <testcase name="loginDDT[mngr325656, eseqAze](6)" classname="com.inetBanking.testCases1.TC_LoginDDT_002" time="13.038">
    <system-out><![CDATA[The Username is : mngr325656
 INFO [main] (TC_LoginDDT_002.java:23)- user name is provided 
The Password is : eseqAze
 INFO [main] (TC_LoginDDT_002.java:25)- password is provided 
 WARN [main] (TC_LoginDDT_002.java:41)- Login Passed
]]></system-out>
  </testcase>
  <testcase name="addNewCustmrer" classname="com.inetBanking.testCases1.TC_AddCustomerTest_003" time="29.707">
    <system-out><![CDATA[The Username is : mngr325656
The Password is : eseqAze
 INFO [main] (TC_AddCustomerTest_003.java:52)- TC_Login_001 : Passed
]]></system-out>
    <system-err><![CDATA[May 30, 2021 4:01:06 PM org.openqa.selenium.remote.ProtocolHandshake createSession
INFO: Detected dialect: OSS
]]></system-err>
  </testcase>
</testsuite>