<?xml version="1.0" encoding="UTF-8"?>
<testng-results skipped="0" failed="0" ignored="0" total="1" passed="1">
  <reporter-output>
  </reporter-output>
  <suite name="inetBankingV1" duration-ms="64188" started-at="2021-05-28T07:39:37Z" finished-at="2021-05-28T07:40:41Z">
    <groups>
    </groups>
    <test name="testCases1" duration-ms="64188" started-at="2021-05-28T07:39:37Z" finished-at="2021-05-28T07:40:41Z">
      <class name="com.inetBanking.testCases1.TC_AddCustomerTest_003">
        <test-method status="PASS" signature="setUp(java.lang.String)[pri:0, instance:com.inetBanking.testCases1.TC_AddCustomerTest_003@3532ec19]" name="setUp" is-config="true" duration-ms="29054" started-at="2021-05-28T13:09:39Z" finished-at="2021-05-28T13:10:08Z">
          <params>
            <param index="0">
              <value>
                <![CDATA[FiReFOx]]>
              </value>
            </param>
          </params>
          <reporter-output>
          </reporter-output>
        </test-method> <!-- setUp -->
        <test-method status="PASS" signature="addNewCustmrer()[pri:0, instance:com.inetBanking.testCases1.TC_AddCustomerTest_003@3532ec19]" name="addNewCustmrer" duration-ms="33060" started-at="2021-05-28T13:10:08Z" finished-at="2021-05-28T13:10:41Z">
          <reporter-output>
          </reporter-output>
        </test-method> <!-- addNewCustmrer -->
        <test-method status="PASS" signature="tearDown()[pri:0, instance:com.inetBanking.testCases1.TC_AddCustomerTest_003@3532ec19]" name="tearDown" is-config="true" duration-ms="251" started-at="2021-05-28T13:10:41Z" finished-at="2021-05-28T13:10:41Z">
          <reporter-output>
          </reporter-output>
        </test-method> <!-- tearDown -->
      </class> <!-- com.inetBanking.testCases1.TC_AddCustomerTest_003 -->
    </test> <!-- testCases1 -->
  </suite> <!-- inetBankingV1 -->
</testng-results>
