<?xml version="1.0" encoding="UTF-8"?>
<testng-results skipped="0" failed="0" ignored="0" total="1" passed="1">
  <reporter-output>
  </reporter-output>
  <suite name="Default suite" duration-ms="41123" started-at="2021-07-09T11:16:24Z" finished-at="2021-07-09T11:17:05Z">
    <groups>
    </groups>
    <test name="Default test" duration-ms="41123" started-at="2021-07-09T11:16:24Z" finished-at="2021-07-09T11:17:05Z">
      <class name="com.inetBanking.testCases1.TC_AddCustomerTest_3_WithChromeDevProtocol">
        <test-method status="PASS" signature="addNewCustmrer()[pri:0, instance:com.inetBanking.testCases1.TC_AddCustomerTest_3_WithChromeDevProtocol@239963d8]" name="addNewCustmrer" duration-ms="41087" started-at="2021-07-09T16:46:24Z" finished-at="2021-07-09T16:47:05Z">
          <reporter-output>
          </reporter-output>
        </test-method> <!-- addNewCustmrer -->
      </class> <!-- com.inetBanking.testCases1.TC_AddCustomerTest_3_WithChromeDevProtocol -->
    </test> <!-- Default test -->
  </suite> <!-- Default suite -->
</testng-results>
